<?xml version="1.0" encoding="UTF-8"?>
<!-- Generated by org.testng.reporters.JUnitReportReporter -->
<testsuite hostname="DESKTOP-TNIL84B" failures="0" tests="1" name="com.numpyNinja.orange.cucumberquick.runner.TestNG" time="4.720" errors="0" timestamp="2023-11-04T23:38:48 GMT-04:00" skipped="0">
  <testcase classname="com.numpyNinja.orange.cucumberquick.runner.TestNG" name="runScenario" time="4.720"/>
</testsuite> <!-- com.numpyNinja.orange.cucumberquick.runner.TestNG -->
