<?xml version="1.0" encoding="UTF-8"?>
<!-- Generated by org.testng.reporters.JUnitReportReporter -->
<testsuite hostname="DESKTOP-TNIL84B" failures="0" tests="2" name="com.numpyNinja.orange.cucumberquick.runner.TestNGRunner" time="10.346" errors="0" timestamp="2023-11-03T17:03:59 GMT-04:00" skipped="0">
  <testcase classname="com.numpyNinja.orange.cucumberquick.runner.TestNGRunner" name="runScenario" time="1.786"/>
  <testcase classname="com.numpyNinja.orange.cucumberquick.runner.TestNGRunner" name="runScenario" time="8.560"/>
</testsuite> <!-- com.numpyNinja.orange.cucumberquick.runner.TestNGRunner -->
